[    0.000000] Linux version 4.15.0-192-generic (buildd@lcy02-amd64-029) (gcc version 7.5.0 (Ubuntu 7.5.0-3ubuntu1~18.04)) #203-Ubuntu SMP Wed Aug 10 17:40:03 UTC 2022 (Ubuntu 4.15.0-192.203-generic 4.15.18)
[    0.000000] Command line: BOOT_IMAGE=/boot/vmlinuz-4.15.0-192-generic root=LABEL=cloudimg-rootfs ro console=tty1 console=ttyS0
[    0.000000] KERNEL supported cpus:
[    0.000000]   Intel GenuineIntel
[    0.000000]   AMD AuthenticAMD
[    0.000000]   Centaur CentaurHauls
[    0.000000] x86/fpu: Supporting XSAVE feature 0x001: 'x87 floating point registers'
[    0.000000] x86/fpu: Supporting XSAVE feature 0x002: 'SSE registers'
[    0.000000] x86/fpu: Supporting XSAVE feature 0x004: 'AVX registers'
[    0.000000] x86/fpu: xstate_offset[2]:  576, xstate_sizes[2]:  256
[    0.000000] x86/fpu: Enabled xstate features 0x7, context size is 832 bytes, using 'standard' format.
[    0.000000] e820: BIOS-provided physical RAM map:
[    0.000000] BIOS-e820: [mem 0x0000000000000000-0x000000000009fbff] usable
[    0.000000] BIOS-e820: [mem 0x000000000009fc00-0x000000000009ffff] reserved
[    0.000000] BIOS-e820: [mem 0x00000000000f0000-0x00000000000fffff] reserved
[    0.000000] BIOS-e820: [mem 0x0000000000100000-0x000000003ffeffff] usable
[    0.000000] BIOS-e820: [mem 0x000000003fff0000-0x000000003fffffff] ACPI data
[    0.000000] BIOS-e820: [mem 0x00000000fec00000-0x00000000fec00fff] reserved
[    0.000000] BIOS-e820: [mem 0x00000000fee00000-0x00000000fee00fff] reserved
[    0.000000] BIOS-e820: [mem 0x00000000fffc0000-0x00000000ffffffff] reserved
[    0.000000] NX (Execute Disable) protection: active
[    0.000000] SMBIOS 2.5 present.
[    0.000000] DMI: innotek GmbH VirtualBox/VirtualBox, BIOS VirtualBox 12/01/2006
[    0.000000] Hypervisor detected: KVM
[    0.000000] e820: last_pfn = 0x3fff0 max_arch_pfn = 0x400000000
[    0.000000] MTRR: Disabled
[    0.000000] x86/PAT: MTRRs disabled, skipping PAT initialization too.
[    0.000000] CPU MTRRs all blank - virtualized system.
[    0.000000] x86/PAT: Configuration [0-7]: WB  WT  UC- UC  WB  WT  UC- UC  
[    0.000000] found SMP MP-table at [mem 0x0009fff0-0x0009ffff]
[    0.000000] Scanning 1 areas for low memory corruption
[    0.000000] RAMDISK: [mem 0x359cb000-0x36cdcfff]
[    0.000000] ACPI: Early table checksum verification disabled
[    0.000000] ACPI: RSDP 0x00000000000E0000 000024 (v02 VBOX  )
[    0.000000] ACPI: XSDT 0x000000003FFF0030 00003C (v01 VBOX   VBOXXSDT 00000001 ASL  00000061)
[    0.000000] ACPI: FACP 0x000000003FFF00F0 0000F4 (v04 VBOX   VBOXFACP 00000001 ASL  00000061)
[    0.000000] ACPI: DSDT 0x000000003FFF0470 0022EA (v02 VBOX   VBOXBIOS 00000002 INTL 20100528)
[    0.000000] ACPI: FACS 0x000000003FFF0200 000040
[    0.000000] ACPI: FACS 0x000000003FFF0200 000040
[    0.000000] ACPI: APIC 0x000000003FFF0240 000054 (v02 VBOX   VBOXAPIC 00000001 ASL  00000061)
[    0.000000] ACPI: SSDT 0x000000003FFF02A0 0001CC (v01 VBOX   VBOXCPUT 00000002 INTL 20100528)
[    0.000000] ACPI: Reserving FACP table memory at [mem 0x3fff00f0-0x3fff01e3]
[    0.000000] ACPI: Reserving DSDT table memory at [mem 0x3fff0470-0x3fff2759]
[    0.000000] ACPI: Reserving FACS table memory at [mem 0x3fff0200-0x3fff023f]
[    0.000000] ACPI: Reserving FACS table memory at [mem 0x3fff0200-0x3fff023f]
[    0.000000] ACPI: Reserving APIC table memory at [mem 0x3fff0240-0x3fff0293]
[    0.000000] ACPI: Reserving SSDT table memory at [mem 0x3fff02a0-0x3fff046b]
[    0.000000] No NUMA configuration found
[    0.000000] Faking a node at [mem 0x0000000000000000-0x000000003ffeffff]
[    0.000000] NODE_DATA(0) allocated [mem 0x3ffc5000-0x3ffeffff]
[    0.000000] kvm-clock: cpu 0, msr 0:3ff44001, primary cpu clock
[    0.000000] kvm-clock: Using msrs 4b564d01 and 4b564d00
[    0.000000] kvm-clock: using sched offset of 4588943468 cycles
[    0.000000] clocksource: kvm-clock: mask: 0xffffffffffffffff max_cycles: 0x1cd42e4dffb, max_idle_ns: 881590591483 ns
[    0.000000] Zone ranges:
[    0.000000]   DMA      [mem 0x0000000000001000-0x0000000000ffffff]
[    0.000000]   DMA32    [mem 0x0000000001000000-0x000000003ffeffff]
[    0.000000]   Normal   empty
[    0.000000]   Device   empty
[    0.000000] Movable zone start for each node
[    0.000000] Early memory node ranges
[    0.000000]   node   0: [mem 0x0000000000001000-0x000000000009efff]
[    0.000000]   node   0: [mem 0x0000000000100000-0x000000003ffeffff]
[    0.000000] Reserved but unavailable: 104 pages
[    0.000000] Initmem setup node 0 [mem 0x0000000000001000-0x000000003ffeffff]
[    0.000000] ACPI: PM-Timer IO Port: 0x4008
[    0.000000] IOAPIC[0]: apic_id 1, version 32, address 0xfec00000, GSI 0-23
[    0.000000] ACPI: INT_SRC_OVR (bus 0 bus_irq 0 global_irq 2 dfl dfl)
[    0.000000] ACPI: INT_SRC_OVR (bus 0 bus_irq 9 global_irq 9 low level)
[    0.000000] Using ACPI (MADT) for SMP configuration information
[    0.000000] smpboot: Allowing 1 CPUs, 0 hotplug CPUs
[    0.000000] PM: Registered nosave memory: [mem 0x00000000-0x00000fff]
[    0.000000] PM: Registered nosave memory: [mem 0x0009f000-0x0009ffff]
[    0.000000] PM: Registered nosave memory: [mem 0x000a0000-0x000effff]
[    0.000000] PM: Registered nosave memory: [mem 0x000f0000-0x000fffff]
[    0.000000] e820: [mem 0x40000000-0xfebfffff] available for PCI devices
[    0.000000] Booting paravirtualized kernel on KVM
[    0.000000] clocksource: refined-jiffies: mask: 0xffffffff max_cycles: 0xffffffff, max_idle_ns: 7645519600211568 ns
[    0.000000] random: get_random_bytes called from start_kernel+0x99/0x500 with crng_init=0
[    0.000000] setup_percpu: NR_CPUS:8192 nr_cpumask_bits:1 nr_cpu_ids:1 nr_node_ids:1
[    0.000000] percpu: Embedded 50 pages/cpu s167936 r8192 d28672 u2097152
[    0.000000] PV qspinlock hash table entries: 256 (order: 0, 4096 bytes)
[    0.000000] Built 1 zonelists, mobility grouping on.  Total pages: 257913
[    0.000000] Policy zone: DMA32
[    0.000000] Kernel command line: BOOT_IMAGE=/boot/vmlinuz-4.15.0-192-generic root=LABEL=cloudimg-rootfs ro console=tty1 console=ttyS0
[    0.000000] Memory: 982848K/1048120K available (12300K kernel code, 2484K rwdata, 4324K rodata, 2468K init, 2724K bss, 65272K reserved, 0K cma-reserved)
[    0.000000] SLUB: HWalign=64, Order=0-3, MinObjects=0, CPUs=1, Nodes=1
[    0.000000] Kernel/User page tables isolation: enabled
[    0.000000] ftrace: allocating 39482 entries in 155 pages
[    0.004000] Hierarchical RCU implementation.
[    0.004000] 	RCU restricting CPUs from NR_CPUS=8192 to nr_cpu_ids=1.
[    0.004000] 	Tasks RCU enabled.
[    0.004000] RCU: Adjusting geometry for rcu_fanout_leaf=16, nr_cpu_ids=1
[    0.004000] NR_IRQS: 524544, nr_irqs: 256, preallocated irqs: 16
[    0.004000] Console: colour VGA+ 80x25
[    0.004000] console [tty1] enabled
[    0.004000] console [ttyS0] enabled
[    0.004000] ACPI: Core revision 20170831
[    0.004000] ACPI: 2 ACPI AML tables successfully acquired and loaded
[    0.004000] APIC: Switch to symmetric I/O mode setup
[    0.004000] x2apic enabled
[    0.004000] Switched APIC routing to physical x2apic.
[    0.004000] ..TIMER: vector=0x30 apic1=0 pin1=2 apic2=-1 pin2=-1
[    0.004004] tsc: Detected 2904.004 MHz processor
[    0.004914] Calibrating delay loop (skipped) preset value.. 5808.00 BogoMIPS (lpj=11616016)
[    0.008003] pid_max: default: 32768 minimum: 301
[    0.009036] Security Framework initialized
[    0.010110] Yama: becoming mindful.
[    0.012021] AppArmor: AppArmor initialized
[    0.020035] Dentry cache hash table entries: 131072 (order: 8, 1048576 bytes)
[    0.024065] Inode-cache hash table entries: 65536 (order: 7, 524288 bytes)
[    0.028015] Mount-cache hash table entries: 2048 (order: 2, 16384 bytes)
[    0.029216] Mountpoint-cache hash table entries: 2048 (order: 2, 16384 bytes)
[    0.032000] process: using mwait in idle threads
[    0.032006] Last level iTLB entries: 4KB 64, 2MB 8, 4MB 8
[    0.033033] Last level dTLB entries: 4KB 64, 2MB 0, 4MB 0, 1GB 4
[    0.034087] Spectre V1 : Mitigation: usercopy/swapgs barriers and __user pointer sanitization
[    0.036003] Spectre V2 : Mitigation: Retpolines
[    0.036951] Spectre V2 : Spectre v2 / SpectreRSB mitigation: Filling RSB on context switch
[    0.038455] Speculative Store Bypass: Vulnerable
[    0.039456] MDS: Mitigation: Clear CPU buffers
[    0.040002] MMIO Stale Data: Mitigation: Clear CPU buffers
[    0.041043] SRBDS: Unknown: Dependent on hypervisor status
[    0.055275] Freeing SMP alternatives memory: 36K
[    0.166576] smpboot: CPU0: Intel(R) Core(TM) i7-7500U CPU @ 2.70GHz (family: 0x6, model: 0x8e, stepping: 0x9)
[    0.168000] Performance Events: unsupported p6 CPU model 142 no PMU driver, software events only.
[    0.168033] Hierarchical SRCU implementation.
[    0.169408] NMI watchdog: Perf event create on CPU 0 failed with -2
[    0.170589] NMI watchdog: Perf NMI watchdog permanently disabled
[    0.172032] smp: Bringing up secondary CPUs ...
[    0.172870] smp: Brought up 1 node, 1 CPU
[    0.173858] smpboot: Max logical packages: 1
[    0.174722] smpboot: Total of 1 processors activated (5808.00 BogoMIPS)
[    0.176097] devtmpfs: initialized
[    0.176804] x86/mm: Memory block size: 128MB
[    0.178046] evm: security.selinux
[    0.178874] evm: security.SMACK64
[    0.179780] evm: security.SMACK64EXEC
[    0.180006] evm: security.SMACK64TRANSMUTE
[    0.180808] evm: security.SMACK64MMAP
[    0.181528] evm: security.apparmor
[    0.182207] evm: security.ima
[    0.182793] evm: security.capability
[    0.185897] clocksource: jiffies: mask: 0xffffffff max_cycles: 0xffffffff, max_idle_ns: 7645041785100000 ns
[    0.188012] futex hash table entries: 256 (order: 2, 16384 bytes)
[    0.189732] pinctrl core: initialized pinctrl subsystem
[    0.192132] RTC time: 20:26:06, date: 09/15/22
[    0.193611] NET: Registered protocol family 16
[    0.194925] audit: initializing netlink subsys (disabled)
[    0.196138] cpuidle: using governor ladder
[    0.197313] cpuidle: using governor menu
[    0.200009] audit: type=2000 audit(1663273571.556:1): state=initialized audit_enabled=0 res=1
[    0.202056] ACPI: bus type PCI registered
[    0.203055] acpiphp: ACPI Hot Plug PCI Controller Driver version: 0.5
[    0.204120] PCI: Using configuration type 1 for base access
[    0.208241] HugeTLB registered 2.00 MiB page size, pre-allocated 0 pages
[    0.212187] ACPI: Added _OSI(Module Device)
[    0.216013] ACPI: Added _OSI(Processor Device)
[    0.217048] ACPI: Added _OSI(3.0 _SCP Extensions)
[    0.217958] ACPI: Added _OSI(Processor Aggregator Device)
[    0.219000] ACPI: Added _OSI(Linux-Dell-Video)
[    0.220004] ACPI: Added _OSI(Linux-Lenovo-NV-HDMI-Audio)
[    0.221445] ACPI: Added _OSI(Linux-HPI-Hybrid-Graphics)
[    0.223253] ACPI: Executed 1 blocks of module-level executable AML code
[    0.230357] ACPI: Interpreter enabled
[    0.231508] ACPI: (supports S0 S5)
[    0.232003] ACPI: Using IOAPIC for interrupt routing
[    0.233587] PCI: Using host bridge windows from ACPI; if necessary, use "pci=nocrs" and report a bug
[    0.235652] ACPI: Enabled 2 GPEs in block 00 to 07
[    0.245679] ACPI: PCI Root Bridge [PCI0] (domain 0000 [bus 00-ff])
[    0.246938] acpi PNP0A03:00: _OSC: OS supports [ASPM ClockPM Segments MSI]
[    0.248081] acpi PNP0A03:00: _OSC: not requesting OS control; OS requires [ExtendedConfig ASPM ClockPM MSI]
[    0.249873] acpi PNP0A03:00: fail to add MMCONFIG information, can't access extended PCI configuration space under this bridge.
[    0.252363] PCI host bridge to bus 0000:00
[    0.253127] pci_bus 0000:00: root bus resource [io  0x0000-0x0cf7 window]
[    0.254668] pci_bus 0000:00: root bus resource [io  0x0d00-0xffff window]
[    0.256004] pci_bus 0000:00: root bus resource [mem 0x000a0000-0x000bffff window]
[    0.258374] pci_bus 0000:00: root bus resource [mem 0x40000000-0xfdffffff window]
[    0.260303] pci_bus 0000:00: root bus resource [bus 00-ff]
[    0.266462] pci 0000:00:01.1: legacy IDE quirk: reg 0x10: [io  0x01f0-0x01f7]
[    0.268008] pci 0000:00:01.1: legacy IDE quirk: reg 0x14: [io  0x03f6]
[    0.269918] pci 0000:00:01.1: legacy IDE quirk: reg 0x18: [io  0x0170-0x0177]
[    0.272009] pci 0000:00:01.1: legacy IDE quirk: reg 0x1c: [io  0x0376]
[    0.300808] pci 0000:00:07.0: quirk: [io  0x4000-0x403f] claimed by PIIX4 ACPI
[    0.302247] pci 0000:00:07.0: quirk: [io  0x4100-0x410f] claimed by PIIX4 SMB
[    0.316025] ACPI: PCI Interrupt Link [LNKA] (IRQs 5 9 10 *11)
[    0.317540] ACPI: PCI Interrupt Link [LNKB] (IRQs 5 9 *10 11)
[    0.319436] ACPI: PCI Interrupt Link [LNKC] (IRQs 5 *9 10 11)
[    0.320163] ACPI: PCI Interrupt Link [LNKD] (IRQs 5 9 10 *11)
[    0.322812] SCSI subsystem initialized
[    0.324074] pci 0000:00:02.0: vgaarb: setting as boot VGA device
[    0.325581] pci 0000:00:02.0: vgaarb: VGA device added: decodes=io+mem,owns=io+mem,locks=none
[    0.327232] pci 0000:00:02.0: vgaarb: bridge control possible
[    0.328006] vgaarb: loaded
[    0.328579] ACPI: bus type USB registered
[    0.329396] usbcore: registered new interface driver usbfs
[    0.330600] usbcore: registered new interface driver hub
[    0.332008] usbcore: registered new device driver usb
[    0.333008] EDAC MC: Ver: 3.0.0
[    0.338276] PCI: Using ACPI for IRQ routing
[    0.339717] NetLabel: Initializing
[    0.340002] NetLabel:  domain hash size = 128
[    0.341064] NetLabel:  protocols = UNLABELED CIPSOv4 CALIPSO
[    0.342360] NetLabel:  unlabeled traffic allowed by default
[    0.343569] clocksource: Switched to clocksource kvm-clock
[    0.378746] VFS: Disk quotas dquot_6.6.0
[    0.379682] VFS: Dquot-cache hash table entries: 512 (order 0, 4096 bytes)
[    0.381186] AppArmor: AppArmor Filesystem Enabled
[    0.382308] pnp: PnP ACPI init
[    0.384320] pnp: PnP ACPI: found 3 devices
[    0.391259] clocksource: acpi_pm: mask: 0xffffff max_cycles: 0xffffff, max_idle_ns: 2085701024 ns
[    0.393059] NET: Registered protocol family 2
[    0.393932] IP idents hash table entries: 16384 (order: 5, 131072 bytes)
[    0.395920] TCP established hash table entries: 8192 (order: 4, 65536 bytes)
[    0.397344] TCP bind hash table entries: 8192 (order: 5, 131072 bytes)
[    0.398522] TCP: Hash tables configured (established 8192 bind 8192)
[    0.399684] UDP hash table entries: 512 (order: 2, 16384 bytes)
[    0.401717] UDP-Lite hash table entries: 512 (order: 2, 16384 bytes)
[    0.405215] NET: Registered protocol family 1
[    0.406624] pci 0000:00:00.0: Limiting direct PCI/PCI transfers
[    0.407837] pci 0000:00:01.0: Activating ISA DMA hang workarounds
[    0.409125] pci 0000:00:02.0: Video device with shadowed ROM at [mem 0x000c0000-0x000dffff]
[    0.410788] Unpacking initramfs...
[    0.964212] Freeing initrd memory: 19528K
[    0.965154] clocksource: tsc: mask: 0xffffffffffffffff max_cycles: 0x29dc09beef1, max_idle_ns: 440795310252 ns
[    0.967054] platform rtc_cmos: registered platform RTC device (no PNP device found)
[    0.968579] Scanning for low memory corruption every 60 seconds
[    0.970348] Initialise system trusted keyrings
[    0.971260] Key type blacklist registered
[    0.972085] workingset: timestamp_bits=36 max_order=18 bucket_order=0
[    0.974371] zbud: loaded
[    0.975311] squashfs: version 4.0 (2009/01/31) Phillip Lougher
[    0.976949] fuse init (API version 7.26)
[    0.978798] Key type asymmetric registered
[    0.979780] Asymmetric key parser 'x509' registered
[    0.981257] Block layer SCSI generic (bsg) driver version 0.4 loaded (major 246)
[    0.982816] io scheduler noop registered
[    0.983591] io scheduler deadline registered
[    0.984650] io scheduler cfq registered (default)
[    0.985791] ACPI: AC Adapter [AC] (on-line)
[    0.986814] input: Power Button as /devices/LNXSYSTM:00/LNXPWRBN:00/input/input0
[    0.988757] ACPI: Power Button [PWRF]
[    0.989528] input: Sleep Button as /devices/LNXSYSTM:00/LNXSLPBN:00/input/input1
[    0.990901] ACPI: Sleep Button [SLPF]
[    0.992701] ACPI: Battery Slot [BAT0] (battery present)
[    0.993819] Serial: 8250/16550 driver, 32 ports, IRQ sharing enabled
[    1.015857] 00:02: ttyS0 at I/O 0x3f8 (irq = 4, base_baud = 115200) is a 16550A
[    1.019228] Linux agpgart interface v0.103
[    1.021326] loop: module loaded
[    1.022680] scsi host0: ata_piix
[    1.023338] scsi host1: ata_piix
[    1.024784] ata1: PATA max UDMA/33 cmd 0x1f0 ctl 0x3f6 bmdma 0xd000 irq 14
[    1.027087] ata2: PATA max UDMA/33 cmd 0x170 ctl 0x376 bmdma 0xd008 irq 15
[    1.030328] tun: Universal TUN/TAP device driver, 1.6
[    1.031354] PPP generic driver version 2.4.2
[    1.032232] ehci_hcd: USB 2.0 'Enhanced' Host Controller (EHCI) Driver
[    1.033556] ehci-pci: EHCI PCI platform driver
[    1.034422] ehci-platform: EHCI generic platform driver
[    1.035372] ohci_hcd: USB 1.1 'Open' Host Controller (OHCI) Driver
[    1.036562] ohci-pci: OHCI PCI platform driver
[    1.037528] ohci-platform: OHCI generic platform driver
[    1.038543] uhci_hcd: USB Universal Host Controller Interface driver
[    1.039721] i8042: PNP: PS/2 Controller [PNP0303:PS2K,PNP0f03:PS2M] at 0x60,0x64 irq 1,12
[    1.041868] serio: i8042 KBD port at 0x60,0x64 irq 1
[    1.043227] serio: i8042 AUX port at 0x60,0x64 irq 12
[    1.044245] mousedev: PS/2 mouse device common for all mice
[    1.045511] input: AT Translated Set 2 keyboard as /devices/platform/i8042/serio0/input/input2
[    1.047488] rtc_cmos rtc_cmos: rtc core: registered rtc_cmos as rtc0
[    1.048902] rtc_cmos rtc_cmos: alarms up to one day, 114 bytes nvram
[    1.050177] i2c /dev entries driver
[    1.050864] device-mapper: uevent: version 1.0.3
[    1.051848] device-mapper: ioctl: 4.37.0-ioctl (2017-09-20) initialised: dm-devel@redhat.com
[    1.053534] ledtrig-cpu: registered to indicate activity on CPUs
[    1.054744] intel_pmc_core:  initialized
[    1.055731] NET: Registered protocol family 10
[    1.060584] Segment Routing with IPv6
[    1.061358] NET: Registered protocol family 17
[    1.062309] Key type dns_resolver registered
[    1.063237] mce: Using 0 MCE banks
[    1.063941] RAS: Correctable Errors collector initialized.
[    1.065252] sched_clock: Marking stable (1065226995, 0)->(1314589712, -249362717)
[    1.066809] registered taskstats version 1
[    1.067585] Loading compiled-in X.509 certificates
[    1.070332] Loaded X.509 cert 'Build time autogenerated kernel key: af04d57e94487e4500da7630f19b69a59e91d95a'
[    1.074972] Loaded X.509 cert 'Canonical Ltd. Live Patch Signing: 14df34d1a87cf37625abec039ef2bf521249b969'
[    1.079925] Loaded X.509 cert 'Canonical Ltd. Kernel Module Signing: 88f752e560a1e0737e31163a466ad7b70a850c19'
[    1.084214] blacklist: Loading compiled-in revocation X.509 certificates
[    1.086369] Loaded X.509 cert 'Canonical Ltd. Secure Boot Signing: 61482aa2830d0ab2ad5af10b7250da9033ddcef0'
[    1.088429] zswap: loaded using pool lzo/zbud
[    1.092192] Key type big_key registered
[    1.093018] Key type trusted registered
[    1.094957] Key type encrypted registered
[    1.095712] AppArmor: AppArmor sha1 policy hashing enabled
[    1.097003] ima: No TPM chip found, activating TPM-bypass! (rc=-19)
[    1.098151] ima: Allocated hash algorithm: sha1
[    1.099122] evm: HMAC attrs: 0x1
[    1.100266]   Magic number: 6:642:447
[    1.101137] rtc_cmos rtc_cmos: setting system clock to 2022-09-15 20:26:06 UTC (1663273566)
[    1.102769] BIOS EDD facility v0.16 2004-Jun-25, 0 devices found
[    1.103955] EDD information not available.
[    1.190421] Freeing unused kernel image memory: 2468K
[    1.200265] Write protecting the kernel read-only data: 20480k
[    1.201759] Freeing unused kernel image memory: 2008K
[    1.202895] Freeing unused kernel image memory: 1820K
[    1.213875] x86/mm: Checked W+X mappings: passed, no W+X pages found.
[    1.215467] x86/mm: Checking user space page tables
[    1.231835] x86/mm: Checked W+X mappings: passed, no W+X pages found.
Loading, please wait...
starting version 237
[    1.346884] e1000: Intel(R) PRO/1000 Network Driver - version 7.3.21-k8-NAPI
[    1.348917] e1000: Copyright (c) 1999-2006 Intel Corporation.
[    1.354111] Fusion MPT base driver 3.04.20
[    1.355141] Copyright (c) 1999-2008 LSI Corporation
[    1.370746] Fusion MPT SPI Host driver 3.04.20
[    1.402727] AVX2 version of gcm_enc/dec engaged.
[    1.403836] AES CTR mode by8 optimization enabled
[    1.567081] input: ImExPS/2 Generic Explorer Mouse as /devices/platform/i8042/serio1/input/input4
[    1.812862] e1000 0000:00:03.0 eth0: (PCI:33MHz:32-bit) 02:a0:66:c7:c8:08
[    1.814117] e1000 0000:00:03.0 eth0: Intel(R) PRO/1000 Network Connection
[    1.816237] mptbase: ioc0: Initiating bringup
[    1.912922] ioc0: LSI53C1030 A0: Capabilities={Initiator}
[    2.154310] scsi host2: ioc0: LSI53C1030 A0, FwRev=00000000h, Ports=1, MaxQ=256, IRQ=20
[    2.321254] scsi 2:0:0:0: Direct-Access     VBOX     HARDDISK         1.0  PQ: 0 ANSI: 5
[    2.325983] scsi target2:0:0: Beginning Domain Validation
[    2.328173] random: fast init done
[    2.329374] scsi target2:0:0: Domain Validation skipping write tests
[    2.330901] scsi target2:0:0: Ending Domain Validation
[    2.332433] scsi target2:0:0: asynchronous
[    2.334088] scsi 2:0:1:0: Direct-Access     VBOX     HARDDISK         1.0  PQ: 0 ANSI: 5
[    2.335619] scsi target2:0:1: Beginning Domain Validation
[    2.344394] scsi target2:0:1: Domain Validation skipping write tests
[    2.345614] scsi target2:0:1: Ending Domain Validation
[    2.346621] scsi target2:0:1: asynchronous
[    2.353028] random: systemd-udevd: uninitialized urandom read (16 bytes read)
[    2.355097] random: systemd-udevd: uninitialized urandom read (16 bytes read)
[    2.356657] sd 2:0:0:0: Attached scsi generic sg0 type 0
[    2.357699] random: systemd-udevd: uninitialized urandom read (16 bytes read)
[    2.359108] sd 2:0:0:0: [sda] 83886080 512-byte logical blocks: (42.9 GB/40.0 GiB)
[    2.360917] sd 2:0:0:0: [sda] Write Protect is off
[    2.362025] sd 2:0:0:0: [sda] Incomplete mode parameter data
[    2.364851] sd 2:0:0:0: [sda] Assuming drive cache: write through
[    2.366571] sd 2:0:1:0: Attached scsi generic sg1 type 0
[    2.367617] sd 2:0:1:0: [sdb] 20480 512-byte logical blocks: (10.5 MB/10.0 MiB)
[    2.375486] sd 2:0:1:0: [sdb] Write Protect is off
[    2.376835] sd 2:0:1:0: [sdb] Incomplete mode parameter data
[    2.377915] sd 2:0:1:0: [sdb] Assuming drive cache: write through
[    2.394343]  sda: sda1
[    2.399801] sd 2:0:0:0: [sda] Attached SCSI disk
[    2.433769] sd 2:0:1:0: [sdb] Attached SCSI disk
[    2.777889] e1000 0000:00:08.0 eth1: (PCI:33MHz:32-bit) 08:00:27:d9:2a:ae
[    2.781473] e1000 0000:00:08.0 eth1: Intel(R) PRO/1000 Network Connection
[    2.784631] e1000 0000:00:08.0 enp0s8: renamed from eth1
[    2.792826] e1000 0000:00:03.0 enp0s3: renamed from eth0
Begin: Loading essential drivers ... [    4.348337] raid6: sse2x1   gen() 10606 MB/s
[    4.396206] raid6: sse2x1   xor()  7825 MB/s
[    4.444047] raid6: sse2x2   gen() 11961 MB/s
[    4.492287] raid6: sse2x2   xor()  8826 MB/s
[    4.540151] raid6: sse2x4   gen() 13955 MB/s
[    4.588435] raid6: sse2x4   xor()  8603 MB/s
[    4.636300] raid6: avx2x1   gen() 20824 MB/s
[    4.684084] raid6: avx2x1   xor() 13881 MB/s
[    4.732382] raid6: avx2x2   gen() 26585 MB/s
[    4.780202] raid6: avx2x2   xor() 17264 MB/s
[    4.828081] raid6: avx2x4   gen() 22746 MB/s
[    4.876355] raid6: avx2x4   xor() 18279 MB/s
[    4.877223] raid6: using algorithm avx2x2 gen() 26585 MB/s
[    4.879501] raid6: .... xor() 17264 MB/s, rmw enabled
[    4.881404] raid6: using avx2x2 recovery algorithm
[    4.883842] xor: automatically using best checksumming function   avx       
[    4.886482] async_tx: api initialized (async)
done.
Begin: Running /scripts/init-premount ... done.
Begin: Mounting root file system ... Begin: Running /scripts/local-top ... done.
Begin: Running /scripts/local-premount ... [    4.943909] Btrfs loaded, crc32c=crc32c-intel
Scanning for Btrfs filesystems
done.
Warning: fsck not present, so skipping root file system
[    5.012927] EXT4-fs (sda1): mounted filesystem with ordered data mode. Opts: (null)
done.
Begin: Running /scripts/local-bottom ... done.
Begin: Running /scripts/init-bottom ... done.
[    6.382449] ip_tables: (C) 2000-2006 Netfilter Core Team
[    6.538008] systemd[1]: systemd 237 running in system mode. (+PAM +AUDIT +SELINUX +IMA +APPARMOR +SMACK +SYSVINIT +UTMP +LIBCRYPTSETUP +GCRYPT +GNUTLS +ACL +XZ +LZ4 +SECCOMP +BLKID +ELFUTILS +KMOD -IDN2 +IDN -PCRE2 default-hierarchy=hybrid)
[    6.541972] systemd[1]: Detected virtualization oracle.
[    6.542997] systemd[1]: Detected architecture x86-64.

Welcome to [1mUbuntu 18.04.6 LTS[0m!

[    6.576175] systemd[1]: Set hostname to <ubuntu>.
[    6.622214] systemd[1]: Initializing machine ID from random generator.
[    6.626180] systemd[1]: Installed transient /etc/machine-id file.
[    6.654939] random: crng init done
[    6.655661] random: 7 urandom warning(s) missed due to ratelimiting
[    8.634137] systemd[1]: Reached target User and Group Name Lookups.
[[0;32m  OK  [0m] Reached target User and Group Name Lookups.
[    8.637575] systemd[1]: Started Forward Password Requests to Wall Directory Watch.
[[0;32m  OK  [0m] Started Forward Password Requests to Wall Directory Watch.
[    8.652337] systemd[1]: Set up automount Arbitrary Executable File Formats File System Automount Point.
[[0;32m  OK  [0m] Set up automount Arbitrary Executab…rmats File System Automount Point.
[    8.657052] systemd[1]: Reached target System Time Synchronized.
[[0;32m  OK  [0m] Reached target System Time Synchronized.
[[0;32m  OK  [0m] Created slice System Slice.
[[0;32m  OK  [0m] Listening on /dev/initctl Compatibility Named Pipe.
[[0;32m  OK  [0m] Listening on LVM2 poll daemon socket.
[[0;32m  OK  [0m] Listening on Network Service Netlink Socket.
[[0;32m  OK  [0m] Listening on Device-mapper event daemon FIFOs.
[[0;32m  OK  [0m] Listening on LVM2 metadata daemon socket.
[[0;32m  OK  [0m] Listening on Journal Socket.
         Starting Monitoring of LVM2 mirrors…ng dmeventd or progress polling...
         Mounting Kernel Debug File System...
         Starting Load Kernel Modules...
[[0;32m  OK  [0m] Listening on Journal Socket (/dev/log).
         Mounting POSIX Message Queue File System...
[[0;32m  OK  [0m] Listening on udev Kernel Socket.
[[0;32m  OK  [0m] Created slice system-serial\x2dgetty.slice.
[[0;32m  OK  [0m] Listening on udev Control Socket.
[[0;32m  OK  [0m] Listening on Journal Audit Socket.
         Starting udev Coldplug all Devices...
[[0;32m  OK  [0m] Listening on Syslog Socket.
         Starting Uncomplicated firewall...
         Starting Create list of required st…ce nodes for the current kernel...
[[0;32m  OK  [0m] Listening on fsck to fsckd communication Socket.
[[0;32m  OK  [0m] Reached target Swap.
         Starting Journal Service...
         Mounting Huge Pages File System...
         Starting File System Check on Root Device...
[[0;32m  OK  [0m] Created slice User and Session Slice.
[[0;32m  OK  [0m] Reached target Slices.
         Starting Set the console keyboard layout...
[[0;32m  OK  [0m] Mounted Kernel Debug File System.
[[0;32m  OK  [0m] Mounted POSIX Message Queue File System.
[[0;32m  OK  [0m] Mounted Huge Pages File System.
[[0;32m  OK  [0m] Started Uncomplicated firewall.
[[0;32m  OK  [0m] Started udev Coldplug all Devices.
[[0;32m  OK  [0m] Started Create list of required sta…vice nodes for the current kernel.
         Starting Create Static Device Nodes in /dev...
[[0;32m  OK  [0m] Started Journal Service.
[[0;32m  OK  [0m] Started File System Check Daemon to report status.
[    9.352549] Loading iSCSI transport class v2.0-870.
[    9.369438] iscsi: registered transport (tcp)
[[0;32m  OK  [0m] Started File System Check on Root Device.
         Starting Remount Root and Kernel File Systems...
[[0;32m  OK  [0m] Started LVM2 metadata daemon.
[    9.851526] iscsi: registered transport (iser)
[[0;32m  OK  [0m] Started Load Kernel Modules.
         Mounting Kernel Configuration File System...
         Starting Apply Kernel Variables...
[    9.856749] EXT4-fs (sda1): re-mounted. Opts: (null)
         Mounting FUSE Control File System...
[[0;32m  OK  [0m] Started Remount Root and Kernel File Systems.
         Starting Flush Journal to Persistent Storage...
         Starting Load/Save Random Seed...
[[0;32m  OK  [0m] Mounted Kernel Configuration File System.
[[0;32m  OK  [0m] Mounted FUSE Control File System.
[   10.078650] systemd-journald[399]: Received request to flush runtime journal from PID 1
[[0;32m  OK  [0m] Started Load/Save Random Seed.
[[0;32m  OK  [0m] Started Create Static Device Nodes in /dev.
         Starting udev Kernel Device Manager...
[[0;32m  OK  [0m] Started Monitoring of LVM2 mirrors,…sing dmeventd or progress polling.
[[0;32m  OK  [0m] Started Apply Kernel Variables.
[[0;32m  OK  [0m] Started Flush Journal to Persistent Storage.
[[0;32m  OK  [0m] Started udev Kernel Device Manager.
[[0;32m  OK  [0m] Found device /dev/ttyS0.
[[0;32m  OK  [0m] Listening on Load/Save RF Kill Switch Status /dev/rfkill Watch.
[[0;32m  OK  [0m] Started Set the console keyboard layout.
[[0;32m  OK  [0m] Started Dispatch Password Requests to Console Directory Watch.
[[0;32m  OK  [0m] Reached target Local Encrypted Volumes.
[[0;32m  OK  [0m] Reached target Local File Systems (Pre).
[[0;32m  OK  [0m] Reached target Local File Systems.
         Starting Create Volatile Files and Directories...
         Starting AppArmor initialization...
         Starting Tell Plymouth To Write Out Runtime Data...
         Starting ebtables ruleset management...
         Starting Commit a transient machine-id on disk...
         Starting Set console font and keymap...
[[0;32m  OK  [0m] Started Tell Plymouth To Write Out Runtime Data.
[[0;32m  OK  [0m] Started Commit a transient machine-id on disk.
[[0;32m  OK  [0m] Started Create Volatile Files and Directories.
         Starting Update UTMP about System Boot/Shutdown...
[[0;32m  OK  [0m] Started Update UTMP about System Boot/Shutdown.
[[0;32m  OK  [0m] Started ebtables ruleset management.
[[0;32m  OK  [0m] Started Set console font and keymap.
[[0;32m  OK  [0m] Started AppArmor initialization.
         Starting Initial cloud-init job (pre-networking)...
         Starting Load AppArmor profiles managed internally by snapd...
[[0;32m  OK  [0m] Started Load AppArmor profiles managed internally by snapd.
[   22.549876] cloud-init[881]: Cloud-init v. 22.2-0ubuntu1~18.04.3 running 'init-local' at Thu, 15 Sep 2022 20:26:27 +0000. Up 21.66 seconds.
[[0;32m  OK  [0m] Started Initial cloud-init job (pre-networking).
[[0;32m  OK  [0m] Reached target Network (Pre).
         Starting Network Service...
[[0;32m  OK  [0m] Started Network Service.
         Starting Network Name Resolution...
         Starting Wait for Network to be Configured...
[[0;32m  OK  [0m] Started Network Name Resolution.
[[0;32m  OK  [0m] Reached target Host and Network Name Lookups.
[[0;32m  OK  [0m] Reached target Network.
[[0;32m  OK  [0m] Started Wait for Network to be Configured.
         Starting Initial cloud-init job (metadata service crawler)...
[   25.259167] cloud-init[989]: Cloud-init v. 22.2-0ubuntu1~18.04.3 running 'init' at Thu, 15 Sep 2022 20:26:30 +0000. Up 24.85 seconds.
[   25.272410] cloud-init[989]: ci-info: ++++++++++++++++++++++++++++++++++++++Net device info+++++++++++++++++++++++++++++++++++++++
[   25.274591] cloud-init[989]: ci-info: +--------+-------+----------------------------+---------------+--------+-------------------+
[   25.275916] cloud-init[989]: ci-info: | Device |   Up  |          Address           |      Mask     | Scope  |     Hw-Address    |
[   25.277372] cloud-init[989]: ci-info: +--------+-------+----------------------------+---------------+--------+-------------------+
[   25.288775] cloud-init[989]: ci-info: | enp0s3 |  True |         10.0.2.15          | 255.255.255.0 | global | 02:a0:66:c7:c8:08 |
[   25.291318] cloud-init[989]: ci-info: | enp0s3 |  True | fe80::a0:66ff:fec7:c808/64 |       .       |  link  | 02:a0:66:c7:c8:08 |
[   25.296531] cloud-init[989]: ci-info: | enp0s8 | False |             .              |       .       |   .    | 08:00:27:d9:2a:ae |
[   25.301724] cloud-init[989]: ci-info: |   lo   |  True |         127.0.0.1          |   255.0.0.0   |  host  |         .         |
[   25.305881] cloud-init[989]: ci-info: |   lo   |  True |          ::1/128           |       .       |  host  |         .         |
[   25.309223] cloud-init[989]: ci-info: +--------+-------+----------------------------+---------------+--------+-------------------+
[   25.320181] cloud-init[989]: ci-info: ++++++++++++++++++++++++++++Route IPv4 info+++++++++++++++++++++++++++++
[   25.332941] cloud-init[989]: ci-info: +-------+-------------+----------+-----------------+-----------+-------+
[   25.334996] cloud-init[989]: ci-info: | Route | Destination | Gateway  |     Genmask     | Interface | Flags |
[   25.341796] cloud-init[989]: ci-info: +-------+-------------+----------+-----------------+-----------+-------+
[   25.352255] cloud-init[989]: ci-info: |   0   |   0.0.0.0   | 10.0.2.2 |     0.0.0.0     |   enp0s3  |   UG  |
[   25.353990] cloud-init[989]: ci-info: |   1   |   10.0.2.0  | 0.0.0.0  |  255.255.255.0  |   enp0s3  |   U   |
[   25.358368] cloud-init[989]: ci-info: |   2   |   10.0.2.2  | 0.0.0.0  | 255.255.255.255 |   enp0s3  |   UH  |
[   25.373063] cloud-init[989]: ci-info: +-------+-------------+----------+-----------------+-----------+-------+
[   25.375029] cloud-init[989]: ci-info: +++++++++++++++++++Route IPv6 info+++++++++++++++++++
[   25.380946] cloud-init[989]: ci-info: +-------+-------------+---------+-----------+-------+
[   25.382564] cloud-init[989]: ci-info: | Route | Destination | Gateway | Interface | Flags |
[   25.383964] cloud-init[989]: ci-info: +-------+-------------+---------+-----------+-------+
[   25.388019] cloud-init[989]: ci-info: |   1   |  fe80::/64  |    ::   |   enp0s3  |   U   |
[   25.400352] cloud-init[989]: ci-info: |   3   |    local    |    ::   |   enp0s3  |   U   |
[   25.402369] cloud-init[989]: ci-info: |   4   |   ff00::/8  |    ::   |   enp0s3  |   U   |
[   25.407460] cloud-init[989]: ci-info: +-------+-------------+---------+-----------+-------+
[   27.323588] cloud-init[989]: Generating public/private rsa key pair.
[   27.325957] cloud-init[989]: Your identification has been saved in /etc/ssh/ssh_host_rsa_key.
[   27.328815] cloud-init[989]: Your public key has been saved in /etc/ssh/ssh_host_rsa_key.pub.
[   27.332563] cloud-init[989]: The key fingerprint is:
[   27.340687] cloud-init[989]: SHA256:27M2qvGyXQKG/JOvFFq3OHnIhL9MTSY/tmqMNPDNaDY root@ubuntu-bionic
[   27.348372] cloud-init[989]: The key's randomart image is:
[   27.349845] cloud-init[989]: +---[RSA 2048]----+
[   27.350822] cloud-init[989]: |                 |
[   27.352229] cloud-init[989]: |                 |
[   27.356192] cloud-init[989]: |                 |
[   27.358101] cloud-init[989]: |  .. o           |
[   27.365039] cloud-init[989]: |   o++B S        |
[   27.366334] cloud-init[989]: |    EOo# +       |
[   27.367833] cloud-init[989]: |   +.=# X +      |
[   27.372325] cloud-init[989]: |    .++@ =oo     |
[   27.373196] cloud-init[989]: |     .B**o..     |
[   27.376333] cloud-init[989]: +----[SHA256]-----+
[   27.381564] cloud-init[989]: Generating public/private dsa key pair.
[   27.382901] cloud-init[989]: Your identification has been saved in /etc/ssh/ssh_host_dsa_key.
[   27.383897] cloud-init[989]: Your public key has been saved in /etc/ssh/ssh_host_dsa_key.pub.
[   27.384836] cloud-init[989]: The key fingerprint is:
[   27.388256] cloud-init[989]: SHA256:uasHCy+nHTV4a/rz1usbJ3x343uKEpD1ttT9Mp0lPHc root@ubuntu-bionic
[   27.390369] cloud-init[989]: The key's randomart image is:
[   27.392235] cloud-init[989]: +---[DSA 1024]----+
[   27.400815] cloud-init[989]: |                 |
[   27.402008] cloud-init[989]: |          .      |
[   27.403361] cloud-init[989]: |         o . o . |
[   27.404511] cloud-init[989]: |       .o.  + = E|
[   27.408594] cloud-init[989]: |      . S. o . ==|
[   27.412361] cloud-init[989]: |    . .o +... o.o|
[   27.414210] cloud-init[989]: |     o.o+  o+ o+o|
[   27.420291] cloud-init[989]: |    ..++o.o .*..+|
[   27.421563] cloud-init[989]: |    .+++o+.o=o.+o|
[   27.423517] cloud-init[989]: +----[SHA256]-----+
[   27.428454] cloud-init[989]: Generating public/private ecdsa key pair.
[   27.431589] cloud-init[989]: Your identification has been saved in /etc/ssh/ssh_host_ecdsa_key.
[   27.440740] cloud-init[989]: Your public key has been saved in /etc/ssh/ssh_host_ecdsa_key.pub.
[   27.448891] cloud-init[989]: The key fingerprint is:
[   27.449974] cloud-init[989]: SHA256:6c/agr/4KPo+zkgiVUB0/mQVKrH57X90hk/7x52sTts root@ubuntu-bionic
[   27.456261] cloud-init[989]: The key's randomart image is:
[   27.457890] cloud-init[989]: +---[ECDSA 256]---+
[   27.459037] cloud-init[989]: | o+ o   o.       |
[   27.466495] cloud-init[989]: |   + + o         |
[   27.467695] cloud-init[989]: |    * +          |
[   27.473383] cloud-init[989]: |   . * . .       |
[   27.474670] cloud-init[989]: |  .   o S    .   |
[   27.475655] cloud-init[989]: | .     o    o +  |
[   27.483548] cloud-init[989]: |o .    .o  . *.oo|
[   27.489539] cloud-init[989]: |.o oo .o.=  o =o+|
[   27.496313] cloud-init[989]: |  o==ooo=+=..+.Eo|
[   27.500200] cloud-init[989]: +----[SHA256]-----+
[   27.504204] cloud-init[989]: Generating public/private ed25519 key pair.
[   27.508158] cloud-init[989]: Your identification has been saved in /etc/ssh/ssh_host_ed25519_key.
[   27.509604] cloud-init[989]: Your public key has been saved in /etc/ssh/ssh_host_ed25519_key.pub.
[   27.516335] cloud-init[989]: The key fingerprint is:
[   27.518682] cloud-init[989]: SHA256:IdjUGhuol07zGycRE6F2nHbeJ24YAeVYc7zQlbegIiw root@ubuntu-bionic
[   27.526874] cloud-init[989]: The key's randomart image is:
[   27.528157] cloud-init[989]: +--[ED25519 256]--+
[   27.529402] cloud-init[989]: |     .==+o....   |
[[0;32m  OK  [0m] Started Initial cloud-init job (metadata service crawler).[   27.536435] cloud-init[989]: |    .*=*ooo o .  |
[   27.538621] cloud-init[989]: |   .+oOB=. o o . |
[   27.539818] 
[[0;32m  OK  [0m] Reached target System Initialization.
cloud-init[989]: |  ..Eo*+.+o   .  |
[   27.543310] cloud-init[989]: |   + + oS.o .    |
[   27.544469] cloud-init[989]: |    . + .+ o     |
[   27.545693] cloud-init[989]: |       =. o      |
[   27.556403] cloud-init[989]: |      .  .       |
         Starting LXD - unix socket.
         Starting Socket activation for snappy daemon.
[[0;32m  OK  [0m] Listening on UUID daemon activation socket.
[[0;32m  OK  [0m] Started Message of the Day.
[[0;32m  OK  [0m] Started Daily apt download activities.
[[0;32m  OK  [0m] Listening on ACPID Listen Socket.
[[0;32m  OK  [0m] Started Daily apt upgrade and clean activities.
[[0;32m  OK  [0m] Started Discard unused blocks once a week.
[   27.570510] cloud-init[989]: |                 |
[[0;32m  OK  [0m] Started Ubuntu Advantage Timer for running repeated jobs.[   27.588388] cloud-init[989]: +----[SHA256]-----+

[[0;32m  OK  [0m] Listening on D-Bus System Message Bus Socket.
[[0;32m  OK  [0m] Started Daily Cleanup of Temporary Directories.
[[0;32m  OK  [0m] Listening on Open-iSCSI iscsid Socket.
[[0;32m  OK  [0m] Listening on cloud-init hotplug hook socket.
[[0;32m  OK  [0m] Started ACPI Events Check.
[[0;32m  OK  [0m] Reached target Timers.
[[0;32m  OK  [0m] Reached target Paths.
[[0;32m  OK  [0m] Reached target Cloud-config availability.
[[0;32m  OK  [0m] Reached target Network is Online.
[[0;32m  OK  [0m] Reached target Remote File Systems (Pre).
[[0;32m  OK  [0m] Reached target Remote File Systems.
         Starting Availability of block devices...
[[0;32m  OK  [0m] Listening on LXD - unix socket.
[[0;32m  OK  [0m] Listening on Socket activation for snappy daemon.
[[0;32m  OK  [0m] Reached target Sockets.
[[0;32m  OK  [0m] Reached target Basic System.
[[0;32m  OK  [0m] Started D-Bus System Message Bus.
         Starting LSB: automatic crash report generation...
[[0;32m  OK  [0m] Started Deferred execution scheduler.
[[0;32m  OK  [0m] Started Regular background program processing daemon.
         Starting System Logging Service...
         Starting Permit User Sessions...
         Starting Virtualbox guest utils...
         Starting Login Service...
         Starting Snap Daemon...
         Starting LSB: Record successful boot for GRUB...
[[0;32m  OK  [0m] Started FUSE filesystem for LXC.
         Starting Pollinate to seed the pseudo random number generator...
         Starting Dispatcher daemon for systemd-networkd...
[[0;32m  OK  [0m] Started irqbalance daemon.
         Starting Accounts Service...
         Starting LXD - container startup/shutdown...
[[0;32m  OK  [0m] Started System Logging Service.
[[0;32m  OK  [0m] Started Availability of block devices.
[[0;32m  OK  [0m] Started Permit User Sessions.
[[0;32m  OK  [0m] Started Login Service.
[[0;32m  OK  [0m] Started Unattended Upgrades Shutdown.
         Starting Terminate Plymouth Boot Screen...
         Starting Hold until boot process finishes up...
[[0;32m  OK  [0m] Started Hold until boot process finishes up.
[[0;32m  OK  [0m] Started Terminate Plymouth Boot Screen.
[[0;32m  OK  [0m] Started Serial Getty on ttyS0.
         Starting Set console scheme...
[[0;32m  OK  [0m] Started LSB: automatic crash report generation.
[[0;32m  OK  [0m] Started Set console scheme.
[[0;32m  OK  [0m] Created slice system-getty.slice.
[[0;32m  OK  [0m] Started Getty on tty1.
[[0;32m  OK  [0m] Reached target Login Prompts.
         Starting Authorization Manager...
[[0;32m  OK  [0m] Started LSB: Record successful boot for GRUB.
[[0;32m  OK  [0m] Started Virtualbox guest utils.
[[0;32m  OK  [0m] Started Authorization Manager.
[[0;32m  OK  [0m] Started Accounts Service.
[[0;32m  OK  [0m] Started Dispatcher daemon for systemd-networkd.
[[0;32m  OK  [0m] Started LXD - container startup/shutdown.
[[0;32m  OK  [0m] Started Snap Daemon.
         Starting Wait until snapd is fully seeded...
         Starting Time & Date Service...
[[0;32m  OK  [0m] Started Time & Date Service.

Ubuntu 18.04.6 LTS ubuntu-bionic ttyS0

ubuntu-bionic login: [   39.644445] cloud-init[1490]: Cloud-init v. 22.2-0ubuntu1~18.04.3 running 'modules:config' at Thu, 15 Sep 2022 20:26:43 +0000. Up 37.87 seconds.
ci-info: no authorized SSH keys fingerprints found for user ubuntu.
<14>Sep 15 20:26:46 cloud-init: #############################################################
<14>Sep 15 20:26:46 cloud-init: -----BEGIN SSH HOST KEY FINGERPRINTS-----
<14>Sep 15 20:26:46 cloud-init: 1024 SHA256:uasHCy+nHTV4a/rz1usbJ3x343uKEpD1ttT9Mp0lPHc root@ubuntu-bionic (DSA)
<14>Sep 15 20:26:46 cloud-init: 256 SHA256:6c/agr/4KPo+zkgiVUB0/mQVKrH57X90hk/7x52sTts root@ubuntu-bionic (ECDSA)
<14>Sep 15 20:26:46 cloud-init: 256 SHA256:IdjUGhuol07zGycRE6F2nHbeJ24YAeVYc7zQlbegIiw root@ubuntu-bionic (ED25519)
<14>Sep 15 20:26:46 cloud-init: 2048 SHA256:27M2qvGyXQKG/JOvFFq3OHnIhL9MTSY/tmqMNPDNaDY root@ubuntu-bionic (RSA)
<14>Sep 15 20:26:46 cloud-init: -----END SSH HOST KEY FINGERPRINTS-----
<14>Sep 15 20:26:46 cloud-init: #############################################################
-----BEGIN SSH HOST KEY KEYS-----
ecdsa-sha2-nistp256 AAAAE2VjZHNhLXNoYTItbmlzdHAyNTYAAAAIbmlzdHAyNTYAAABBBKU9qzB7vGRg5KYAmOd+qbiiQMhBBT75khbuQtYcBjyTU+IHffj+TTdGgK+S6aSi/IV5nMzE+z3mSbRcFMYYjNE= root@ubuntu-bionic
ssh-ed25519 AAAAC3NzaC1lZDI1NTE5AAAAIPdVlf5B+fSmrETvdEwm9dQ3p8xJVHoIVg2dUJnwoi1h root@ubuntu-bionic
ssh-rsa AAAAB3NzaC1yc2EAAAADAQABAAABAQChYw2LpLj69MomuO4W+fOSO+ose5ljI6w7aqeffg1UgooXETsjyja+MGy5dP4cR2jqn+hqwh1/l/iGPPbuTymClboAp+wS168zz+l4kOu9q4tipCY/lyTJmOHsBHWd55qhGKXw4c3n/OGRKToVA14yM5G6WHsZsCrEQntD4se9TkaoZ4ClRaHghyTJFxBT9lF70UG4QkCRJTJJclXYI9GLVZRWL0GH+T8nR0eftjm7hcy+bT+bd2fW1o9XmFllR3rDUwATXR0oeSnDG0RjXaqb5qeTNCGqowXeowBgt24goHkLcEJpqD6S7W9LgoZK3JVIPxOyZGX0lPuPCsPk5T1D root@ubuntu-bionic
-----END SSH HOST KEY KEYS-----
[   40.919698] cloud-init[1576]: Cloud-init v. 22.2-0ubuntu1~18.04.3 running 'modules:final' at Thu, 15 Sep 2022 20:26:45 +0000. Up 40.54 seconds.
[   40.921183] cloud-init[1576]: Cloud-init v. 22.2-0ubuntu1~18.04.3 finished at Thu, 15 Sep 2022 20:26:46 +0000. Datasource DataSourceNoCloud [seed=/dev/sdb][dsmode=net].  Up 40.90 seconds
